This file contains any messages produced by compilers while
running configure, to aid debugging if configure makes a mistake.

It was created by sqlite configure 3.7.5, which was
generated by GNU Autoconf 2.68.  Invocation command line was

  $ ./configure --host=arm-linux-gnueabihf host_alias=arm-linux-gnueabihf --no-create --no-recursion

## --------- ##
## Platform. ##
## --------- ##

hostname = ubuntu
uname -m = i686
uname -r = 3.2.0-29-generic-pae
uname -s = Linux
uname -v = #46-Ubuntu SMP Fri Jul 27 17:25:43 UTC 2012

/usr/bin/uname -p = unknown
/bin/uname -X     = unknown

/bin/arch              = unknown
/usr/bin/arch -k       = unknown
/usr/convex/getsysinfo = unknown
/usr/bin/hostinfo      = unknown
/bin/machine           = unknown
/usr/bin/oslevel       = unknown
/bin/universe          = unknown

PATH: /home/gloscom/ti-sdk-am335x-evm-06.00.00.00/linux-devkit/sysroots/i686-arago-linux/usr/bin
PATH: /usr/lib/lightdm/lightdm
PATH: /usr/local/sbin
PATH: /usr/local/bin
PATH: /usr/sbin
PATH: /usr/bin
PATH: /sbin
PATH: /bin
PATH: /usr/games


## ----------- ##
## Core tests. ##
## ----------- ##

configure:2588: checking for a BSD-compatible install
configure:2656: result: /usr/bin/install -c
configure:2667: checking whether build environment is sane
configure:2704: result: yes
configure:2766: checking for gawk
configure:2796: result: no
configure:2766: checking for mawk
configure:2782: found /usr/bin/mawk
configure:2793: result: mawk
configure:2804: checking whether make sets $(MAKE)
configure:2826: result: yes
configure:2900: checking for arm-linux-gnueabihf-strip
configure:2916: found /home/gloscom/ti-sdk-am335x-evm-06.00.00.00/linux-devkit/sysroots/i686-arago-linux/usr/bin/arm-linux-gnueabihf-strip
configure:2927: result: arm-linux-gnueabihf-strip
configure:3017: checking for style of include used by make
configure:3045: result: GNU
configure:3078: checking for arm-linux-gnueabihf-gcc
configure:3094: found /home/gloscom/ti-sdk-am335x-evm-06.00.00.00/linux-devkit/sysroots/i686-arago-linux/usr/bin/arm-linux-gnueabihf-gcc
configure:3105: result: arm-linux-gnueabihf-gcc
configure:3374: checking for C compiler version
configure:3383: arm-linux-gnueabihf-gcc --version >&5
arm-linux-gnueabihf-gcc (crosstool-NG linaro-1.13.1-4.7-2013.03-20130313 - Linaro GCC 2013.03) 4.7.3 20130226 (prerelease)
Copyright (C) 2012 Free Software Foundation, Inc.
This is free software; see the source for copying conditions.  There is NO
warranty; not even for MERCHANTABILITY or FITNESS FOR A PARTICULAR PURPOSE.

configure:3394: $? = 0
configure:3383: arm-linux-gnueabihf-gcc -v >&5
Using built-in specs.
COLLECT_GCC=arm-linux-gnueabihf-gcc
COLLECT_LTO_WRAPPER=/home/gloscom/ti-sdk-am335x-evm-06.00.00.00/linux-devkit/sysroots/i686-arago-linux/usr/bin/../libexec/gcc/arm-linux-gnueabihf/4.7.3/lto-wrapper
Target: arm-linux-gnueabihf
Configured with: /cbuild/slaves/oorts/crosstool-ng/builds/arm-linux-gnueabihf-linux/.build/src/gcc-linaro-4.7-2013.03/configure --build=i686-build_pc-linux-gnu --host=i686-build_pc-linux-gnu --target=arm-linux-gnueabihf --prefix=/cbuild/slaves/oorts/crosstool-ng/builds/arm-linux-gnueabihf-linux/install --with-sysroot=/cbuild/slaves/oorts/crosstool-ng/builds/arm-linux-gnueabihf-linux/install/arm-linux-gnueabihf/libc --enable-languages=c,c++,fortran --enable-multilib --with-arch=armv7-a --with-tune=cortex-a9 --with-fpu=vfpv3-d16 --with-float=hard --with-pkgversion='crosstool-NG linaro-1.13.1-4.7-2013.03-20130313 - Linaro GCC 2013.03' --with-bugurl=https://bugs.launchpad.net/gcc-linaro --enable-__cxa_atexit --enable-libmudflap --enable-libgomp --enable-libssp --with-gmp=/cbuild/slaves/oorts/crosstool-ng/builds/arm-linux-gnueabihf-linux/.build/arm-linux-gnueabihf/build/static --with-mpfr=/cbuild/slaves/oorts/crosstool-ng/builds/arm-linux-gnueabihf-linux/.build/arm-linux-gnueabihf/build/static --with-mpc=/cbuild/slaves/oorts/crosstool-ng/builds/arm-linux-gnueabihf-linux/.build/arm-linux-gnueabihf/build/static --with-ppl=/cbuild/slaves/oorts/crosstool-ng/builds/arm-linux-gnueabihf-linux/.build/arm-linux-gnueabihf/build/static --with-cloog=/cbuild/slaves/oorts/crosstool-ng/builds/arm-linux-gnueabihf-linux/.build/arm-linux-gnueabihf/build/static --with-libelf=/cbuild/slaves/oorts/crosstool-ng/builds/arm-linux-gnueabihf-linux/.build/arm-linux-gnueabihf/build/static --with-host-libstdcxx='-L/cbuild/slaves/oorts/crosstool-ng/builds/arm-linux-gnueabihf-linux/.build/arm-linux-gnueabihf/build/static/lib -lpwl' --enable-threads=posix --disable-libstdcxx-pch --enable-linker-build-id --enable-gold --with-local-prefix=/cbuild/slaves/oorts/crosstool-ng/builds/arm-linux-gnueabihf-linux/install/arm-linux-gnueabihf/libc --enable-c99 --enable-long-long --with-mode=thumb
Thread model: posix
gcc version 4.7.3 20130226 (prerelease) (crosstool-NG linaro-1.13.1-4.7-2013.03-20130313 - Linaro GCC 2013.03) 
configure:3394: $? = 0
configure:3383: arm-linux-gnueabihf-gcc -V >&5
arm-linux-gnueabihf-gcc: error: unrecognized command line option '-V'
arm-linux-gnueabihf-gcc: fatal error: no input files
compilation terminated.
configure:3394: $? = 1
configure:3383: arm-linux-gnueabihf-gcc -qversion >&5
arm-linux-gnueabihf-gcc: error: unrecognized command line option '-qversion'
arm-linux-gnueabihf-gcc: fatal error: no input files
compilation terminated.
configure:3394: $? = 1
configure:3414: checking whether the C compiler works
configure:3436: arm-linux-gnueabihf-gcc    conftest.c  >&5
configure:3440: $? = 0
configure:3488: result: yes
configure:3491: checking for C compiler default output file name
configure:3493: result: a.out
configure:3499: checking for suffix of executables
configure:3506: arm-linux-gnueabihf-gcc -o conftest    conftest.c  >&5
configure:3510: $? = 0
configure:3532: result: 
configure:3554: checking whether we are cross compiling
configure:3562: arm-linux-gnueabihf-gcc -o conftest    conftest.c  >&5
configure:3566: $? = 0
configure:3573: ./conftest
./configure: line 3575: ./conftest: cannot execute binary file
configure:3577: $? = 126
configure:3592: result: yes
configure:3597: checking for suffix of object files
configure:3619: arm-linux-gnueabihf-gcc -c   conftest.c >&5
configure:3623: $? = 0
configure:3644: result: o
configure:3648: checking whether we are using the GNU C compiler
configure:3667: arm-linux-gnueabihf-gcc -c   conftest.c >&5
configure:3667: $? = 0
configure:3676: result: yes
configure:3685: checking whether arm-linux-gnueabihf-gcc accepts -g
configure:3705: arm-linux-gnueabihf-gcc -c -g  conftest.c >&5
configure:3705: $? = 0
configure:3746: result: yes
configure:3763: checking for arm-linux-gnueabihf-gcc option to accept ISO C89
configure:3827: arm-linux-gnueabihf-gcc  -c -g -O2  conftest.c >&5
configure:3827: $? = 0
configure:3840: result: none needed
configure:3862: checking dependency style of arm-linux-gnueabihf-gcc
configure:3952: result: gcc3
configure:3977: checking for special C compiler options needed for large files
configure:4022: result: no
configure:4028: checking for _FILE_OFFSET_BITS value needed for large files
configure:4053: arm-linux-gnueabihf-gcc -c -g -O2  conftest.c >&5
conftest.c:17:3: warning: left shift count >= width of type [enabled by default]
conftest.c:17:3: warning: left shift count >= width of type [enabled by default]
conftest.c:18:10: warning: left shift count >= width of type [enabled by default]
conftest.c:18:10: warning: left shift count >= width of type [enabled by default]
conftest.c:17:7: error: variably modified 'off_t_is_large' at file scope
configure:4053: $? = 1
configure: failed program was:
| /* confdefs.h */
| #define PACKAGE_NAME "sqlite"
| #define PACKAGE_TARNAME "sqlite"
| #define PACKAGE_VERSION "3.7.5"
| #define PACKAGE_STRING "sqlite 3.7.5"
| #define PACKAGE_BUGREPORT "http://www.sqlite.org"
| #define PACKAGE_URL ""
| #define PACKAGE "sqlite"
| #define VERSION "3.7.5"
| /* end confdefs.h.  */
| #include <sys/types.h>
|  /* Check that off_t can represent 2**63 - 1 correctly.
|     We can't simply define LARGE_OFF_T to be 9223372036854775807,
|     since some C++ compilers masquerading as C compilers
|     incorrectly reject 9223372036854775807.  */
| #define LARGE_OFF_T (((off_t) 1 << 62) - 1 + ((off_t) 1 << 62))
|   int off_t_is_large[(LARGE_OFF_T % 2147483629 == 721
| 		       && LARGE_OFF_T % 2147483647 == 1)
| 		      ? 1 : -1];
| int
| main ()
| {
| 
|   ;
|   return 0;
| }
configure:4077: arm-linux-gnueabihf-gcc -c -g -O2  conftest.c >&5
configure:4077: $? = 0
configure:4085: result: 64
configure:4178: checking for arm-linux-gnueabihf-gcc
configure:4205: result: arm-linux-gnueabihf-gcc
configure:4474: checking for C compiler version
configure:4483: arm-linux-gnueabihf-gcc --version >&5
arm-linux-gnueabihf-gcc (crosstool-NG linaro-1.13.1-4.7-2013.03-20130313 - Linaro GCC 2013.03) 4.7.3 20130226 (prerelease)
Copyright (C) 2012 Free Software Foundation, Inc.
This is free software; see the source for copying conditions.  There is NO
warranty; not even for MERCHANTABILITY or FITNESS FOR A PARTICULAR PURPOSE.

configure:4494: $? = 0
configure:4483: arm-linux-gnueabihf-gcc -v >&5
Using built-in specs.
COLLECT_GCC=arm-linux-gnueabihf-gcc
COLLECT_LTO_WRAPPER=/home/gloscom/ti-sdk-am335x-evm-06.00.00.00/linux-devkit/sysroots/i686-arago-linux/usr/bin/../libexec/gcc/arm-linux-gnueabihf/4.7.3/lto-wrapper
Target: arm-linux-gnueabihf
Configured with: /cbuild/slaves/oorts/crosstool-ng/builds/arm-linux-gnueabihf-linux/.build/src/gcc-linaro-4.7-2013.03/configure --build=i686-build_pc-linux-gnu --host=i686-build_pc-linux-gnu --target=arm-linux-gnueabihf --prefix=/cbuild/slaves/oorts/crosstool-ng/builds/arm-linux-gnueabihf-linux/install --with-sysroot=/cbuild/slaves/oorts/crosstool-ng/builds/arm-linux-gnueabihf-linux/install/arm-linux-gnueabihf/libc --enable-languages=c,c++,fortran --enable-multilib --with-arch=armv7-a --with-tune=cortex-a9 --with-fpu=vfpv3-d16 --with-float=hard --with-pkgversion='crosstool-NG linaro-1.13.1-4.7-2013.03-20130313 - Linaro GCC 2013.03' --with-bugurl=https://bugs.launchpad.net/gcc-linaro --enable-__cxa_atexit --enable-libmudflap --enable-libgomp --enable-libssp --with-gmp=/cbuild/slaves/oorts/crosstool-ng/builds/arm-linux-gnueabihf-linux/.build/arm-linux-gnueabihf/build/static --with-mpfr=/cbuild/slaves/oorts/crosstool-ng/builds/arm-linux-gnueabihf-linux/.build/arm-linux-gnueabihf/build/static --with-mpc=/cbuild/slaves/oorts/crosstool-ng/builds/arm-linux-gnueabihf-linux/.build/arm-linux-gnueabihf/build/static --with-ppl=/cbuild/slaves/oorts/crosstool-ng/builds/arm-linux-gnueabihf-linux/.build/arm-linux-gnueabihf/build/static --with-cloog=/cbuild/slaves/oorts/crosstool-ng/builds/arm-linux-gnueabihf-linux/.build/arm-linux-gnueabihf/build/static --with-libelf=/cbuild/slaves/oorts/crosstool-ng/builds/arm-linux-gnueabihf-linux/.build/arm-linux-gnueabihf/build/static --with-host-libstdcxx='-L/cbuild/slaves/oorts/crosstool-ng/builds/arm-linux-gnueabihf-linux/.build/arm-linux-gnueabihf/build/static/lib -lpwl' --enable-threads=posix --disable-libstdcxx-pch --enable-linker-build-id --enable-gold --with-local-prefix=/cbuild/slaves/oorts/crosstool-ng/builds/arm-linux-gnueabihf-linux/install/arm-linux-gnueabihf/libc --enable-c99 --enable-long-long --with-mode=thumb
Thread model: posix
gcc version 4.7.3 20130226 (prerelease) (crosstool-NG linaro-1.13.1-4.7-2013.03-20130313 - Linaro GCC 2013.03) 
configure:4494: $? = 0
configure:4483: arm-linux-gnueabihf-gcc -V >&5
arm-linux-gnueabihf-gcc: error: unrecognized command line option '-V'
arm-linux-gnueabihf-gcc: fatal error: no input files
compilation terminated.
configure:4494: $? = 1
configure:4483: arm-linux-gnueabihf-gcc -qversion >&5
arm-linux-gnueabihf-gcc: error: unrecognized command line option '-qversion'
arm-linux-gnueabihf-gcc: fatal error: no input files
compilation terminated.
configure:4494: $? = 1
configure:4498: checking whether we are using the GNU C compiler
configure:4526: result: yes
configure:4535: checking whether arm-linux-gnueabihf-gcc accepts -g
configure:4596: result: yes
configure:4613: checking for arm-linux-gnueabihf-gcc option to accept ISO C89
configure:4690: result: none needed
configure:4712: checking dependency style of arm-linux-gnueabihf-gcc
configure:4802: result: gcc3
configure:4822: checking for arm-linux-gnueabihf-ranlib
configure:4838: found /home/gloscom/ti-sdk-am335x-evm-06.00.00.00/linux-devkit/sysroots/i686-arago-linux/usr/bin/arm-linux-gnueabihf-ranlib
configure:4849: result: arm-linux-gnueabihf-ranlib
configure:4987: checking build system type
configure:5001: result: i686-pc-linux-gnu
configure:5021: checking host system type
configure:5034: result: arm-unknown-linux-gnueabihf
configure:5054: checking for a sed that does not truncate output
configure:5108: result: /bin/sed
configure:5111: checking for grep that handles long lines and -e
configure:5169: result: /bin/grep
configure:5174: checking for egrep
configure:5236: result: /bin/grep -E
configure:5252: checking for ld used by arm-linux-gnueabihf-gcc
configure:5319: result: /home/gloscom/ti-sdk-am335x-evm-06.00.00.00/linux-devkit/sysroots/i686-arago-linux/usr/arm-linux-gnueabihf/bin/ld
configure:5326: checking if the linker (/home/gloscom/ti-sdk-am335x-evm-06.00.00.00/linux-devkit/sysroots/i686-arago-linux/usr/arm-linux-gnueabihf/bin/ld) is GNU ld
configure:5341: result: yes
configure:5346: checking for /home/gloscom/ti-sdk-am335x-evm-06.00.00.00/linux-devkit/sysroots/i686-arago-linux/usr/arm-linux-gnueabihf/bin/ld option to reload object files
configure:5353: result: -r
configure:5371: checking for BSD-compatible nm
configure:5420: result: /home/gloscom/ti-sdk-am335x-evm-06.00.00.00/linux-devkit/sysroots/i686-arago-linux/usr/bin/arm-linux-gnueabihf-nm -B
configure:5424: checking whether ln -s works
configure:5428: result: yes
configure:5435: checking how to recognise dependent libraries
configure:5611: result: pass_all
configure:5819: checking how to run the C preprocessor
configure:5850: arm-linux-gnueabihf-gcc -E  conftest.c
configure:5850: $? = 0
configure:5864: arm-linux-gnueabihf-gcc -E  conftest.c
conftest.c:12:28: fatal error: ac_nonexistent.h: No such file or directory
compilation terminated.
configure:5864: $? = 1
configure: failed program was:
| /* confdefs.h */
| #define PACKAGE_NAME "sqlite"
| #define PACKAGE_TARNAME "sqlite"
| #define PACKAGE_VERSION "3.7.5"
| #define PACKAGE_STRING "sqlite 3.7.5"
| #define PACKAGE_BUGREPORT "http://www.sqlite.org"
| #define PACKAGE_URL ""
| #define PACKAGE "sqlite"
| #define VERSION "3.7.5"
| #define _FILE_OFFSET_BITS 64
| /* end confdefs.h.  */
| #include <ac_nonexistent.h>
configure:5889: result: arm-linux-gnueabihf-gcc -E
configure:5909: arm-linux-gnueabihf-gcc -E  conftest.c
configure:5909: $? = 0
configure:5923: arm-linux-gnueabihf-gcc -E  conftest.c
conftest.c:12:28: fatal error: ac_nonexistent.h: No such file or directory
compilation terminated.
configure:5923: $? = 1
configure: failed program was:
| /* confdefs.h */
| #define PACKAGE_NAME "sqlite"
| #define PACKAGE_TARNAME "sqlite"
| #define PACKAGE_VERSION "3.7.5"
| #define PACKAGE_STRING "sqlite 3.7.5"
| #define PACKAGE_BUGREPORT "http://www.sqlite.org"
| #define PACKAGE_URL ""
| #define PACKAGE "sqlite"
| #define VERSION "3.7.5"
| #define _FILE_OFFSET_BITS 64
| /* end confdefs.h.  */
| #include <ac_nonexistent.h>
configure:5952: checking for ANSI C header files
configure:5972: arm-linux-gnueabihf-gcc -c -g -O2  conftest.c >&5
configure:5972: $? = 0
configure:6056: result: yes
configure:6069: checking for sys/types.h
configure:6069: arm-linux-gnueabihf-gcc -c -g -O2  conftest.c >&5
configure:6069: $? = 0
configure:6069: result: yes
configure:6069: checking for sys/stat.h
configure:6069: arm-linux-gnueabihf-gcc -c -g -O2  conftest.c >&5
configure:6069: $? = 0
configure:6069: result: yes
configure:6069: checking for stdlib.h
configure:6069: arm-linux-gnueabihf-gcc -c -g -O2  conftest.c >&5
configure:6069: $? = 0
configure:6069: result: yes
configure:6069: checking for string.h
configure:6069: arm-linux-gnueabihf-gcc -c -g -O2  conftest.c >&5
configure:6069: $? = 0
configure:6069: result: yes
configure:6069: checking for memory.h
configure:6069: arm-linux-gnueabihf-gcc -c -g -O2  conftest.c >&5
configure:6069: $? = 0
configure:6069: result: yes
configure:6069: checking for strings.h
configure:6069: arm-linux-gnueabihf-gcc -c -g -O2  conftest.c >&5
configure:6069: $? = 0
configure:6069: result: yes
configure:6069: checking for inttypes.h
configure:6069: arm-linux-gnueabihf-gcc -c -g -O2  conftest.c >&5
configure:6069: $? = 0
configure:6069: result: yes
configure:6069: checking for stdint.h
configure:6069: arm-linux-gnueabihf-gcc -c -g -O2  conftest.c >&5
configure:6069: $? = 0
configure:6069: result: yes
configure:6069: checking for unistd.h
configure:6069: arm-linux-gnueabihf-gcc -c -g -O2  conftest.c >&5
configure:6069: $? = 0
configure:6069: result: yes
configure:6083: checking dlfcn.h usability
configure:6083: arm-linux-gnueabihf-gcc -c -g -O2  conftest.c >&5
configure:6083: $? = 0
configure:6083: result: yes
configure:6083: checking dlfcn.h presence
configure:6083: arm-linux-gnueabihf-gcc -E  conftest.c
configure:6083: $? = 0
configure:6083: result: yes
configure:6083: checking for dlfcn.h
configure:6083: result: yes
configure:6107: checking for arm-linux-gnueabihf-g++
configure:6123: found /home/gloscom/ti-sdk-am335x-evm-06.00.00.00/linux-devkit/sysroots/i686-arago-linux/usr/bin/arm-linux-gnueabihf-g++
configure:6134: result: arm-linux-gnueabihf-g++
configure:6205: checking for C++ compiler version
configure:6214: arm-linux-gnueabihf-g++ --version >&5
arm-linux-gnueabihf-g++ (crosstool-NG linaro-1.13.1-4.7-2013.03-20130313 - Linaro GCC 2013.03) 4.7.3 20130226 (prerelease)
Copyright (C) 2012 Free Software Foundation, Inc.
This is free software; see the source for copying conditions.  There is NO
warranty; not even for MERCHANTABILITY or FITNESS FOR A PARTICULAR PURPOSE.

configure:6225: $? = 0
configure:6214: arm-linux-gnueabihf-g++ -v >&5
Using built-in specs.
COLLECT_GCC=arm-linux-gnueabihf-g++
COLLECT_LTO_WRAPPER=/home/gloscom/ti-sdk-am335x-evm-06.00.00.00/linux-devkit/sysroots/i686-arago-linux/usr/bin/../libexec/gcc/arm-linux-gnueabihf/4.7.3/lto-wrapper
Target: arm-linux-gnueabihf
Configured with: /cbuild/slaves/oorts/crosstool-ng/builds/arm-linux-gnueabihf-linux/.build/src/gcc-linaro-4.7-2013.03/configure --build=i686-build_pc-linux-gnu --host=i686-build_pc-linux-gnu --target=arm-linux-gnueabihf --prefix=/cbuild/slaves/oorts/crosstool-ng/builds/arm-linux-gnueabihf-linux/install --with-sysroot=/cbuild/slaves/oorts/crosstool-ng/builds/arm-linux-gnueabihf-linux/install/arm-linux-gnueabihf/libc --enable-languages=c,c++,fortran --enable-multilib --with-arch=armv7-a --with-tune=cortex-a9 --with-fpu=vfpv3-d16 --with-float=hard --with-pkgversion='crosstool-NG linaro-1.13.1-4.7-2013.03-20130313 - Linaro GCC 2013.03' --with-bugurl=https://bugs.launchpad.net/gcc-linaro --enable-__cxa_atexit --enable-libmudflap --enable-libgomp --enable-libssp --with-gmp=/cbuild/slaves/oorts/crosstool-ng/builds/arm-linux-gnueabihf-linux/.build/arm-linux-gnueabihf/build/static --with-mpfr=/cbuild/slaves/oorts/crosstool-ng/builds/arm-linux-gnueabihf-linux/.build/arm-linux-gnueabihf/build/static --with-mpc=/cbuild/slaves/oorts/crosstool-ng/builds/arm-linux-gnueabihf-linux/.build/arm-linux-gnueabihf/build/static --with-ppl=/cbuild/slaves/oorts/crosstool-ng/builds/arm-linux-gnueabihf-linux/.build/arm-linux-gnueabihf/build/static --with-cloog=/cbuild/slaves/oorts/crosstool-ng/builds/arm-linux-gnueabihf-linux/.build/arm-linux-gnueabihf/build/static --with-libelf=/cbuild/slaves/oorts/crosstool-ng/builds/arm-linux-gnueabihf-linux/.build/arm-linux-gnueabihf/build/static --with-host-libstdcxx='-L/cbuild/slaves/oorts/crosstool-ng/builds/arm-linux-gnueabihf-linux/.build/arm-linux-gnueabihf/build/static/lib -lpwl' --enable-threads=posix --disable-libstdcxx-pch --enable-linker-build-id --enable-gold --with-local-prefix=/cbuild/slaves/oorts/crosstool-ng/builds/arm-linux-gnueabihf-linux/install/arm-linux-gnueabihf/libc --enable-c99 --enable-long-long --with-mode=thumb
Thread model: posix
gcc version 4.7.3 20130226 (prerelease) (crosstool-NG linaro-1.13.1-4.7-2013.03-20130313 - Linaro GCC 2013.03) 
configure:6225: $? = 0
configure:6214: arm-linux-gnueabihf-g++ -V >&5
arm-linux-gnueabihf-g++: error: unrecognized command line option '-V'
arm-linux-gnueabihf-g++: fatal error: no input files
compilation terminated.
configure:6225: $? = 1
configure:6214: arm-linux-gnueabihf-g++ -qversion >&5
arm-linux-gnueabihf-g++: error: unrecognized command line option '-qversion'
arm-linux-gnueabihf-g++: fatal error: no input files
compilation terminated.
configure:6225: $? = 1
configure:6229: checking whether we are using the GNU C++ compiler
configure:6248: arm-linux-gnueabihf-g++ -c   conftest.cpp >&5
configure:6248: $? = 0
configure:6257: result: yes
configure:6266: checking whether arm-linux-gnueabihf-g++ accepts -g
configure:6286: arm-linux-gnueabihf-g++ -c -g  conftest.cpp >&5
configure:6286: $? = 0
configure:6327: result: yes
configure:6352: checking dependency style of arm-linux-gnueabihf-g++
configure:6442: result: gcc3
configure:6469: checking how to run the C++ preprocessor
configure:6496: arm-linux-gnueabihf-g++ -E  conftest.cpp
configure:6496: $? = 0
configure:6510: arm-linux-gnueabihf-g++ -E  conftest.cpp
conftest.cpp:23:28: fatal error: ac_nonexistent.h: No such file or directory
compilation terminated.
configure:6510: $? = 1
configure: failed program was:
| /* confdefs.h */
| #define PACKAGE_NAME "sqlite"
| #define PACKAGE_TARNAME "sqlite"
| #define PACKAGE_VERSION "3.7.5"
| #define PACKAGE_STRING "sqlite 3.7.5"
| #define PACKAGE_BUGREPORT "http://www.sqlite.org"
| #define PACKAGE_URL ""
| #define PACKAGE "sqlite"
| #define VERSION "3.7.5"
| #define _FILE_OFFSET_BITS 64
| #define STDC_HEADERS 1
| #define HAVE_SYS_TYPES_H 1
| #define HAVE_SYS_STAT_H 1
| #define HAVE_STDLIB_H 1
| #define HAVE_STRING_H 1
| #define HAVE_MEMORY_H 1
| #define HAVE_STRINGS_H 1
| #define HAVE_INTTYPES_H 1
| #define HAVE_STDINT_H 1
| #define HAVE_UNISTD_H 1
| #define HAVE_DLFCN_H 1
| /* end confdefs.h.  */
| #include <ac_nonexistent.h>
configure:6535: result: arm-linux-gnueabihf-g++ -E
configure:6555: arm-linux-gnueabihf-g++ -E  conftest.cpp
configure:6555: $? = 0
configure:6569: arm-linux-gnueabihf-g++ -E  conftest.cpp
conftest.cpp:23:28: fatal error: ac_nonexistent.h: No such file or directory
compilation terminated.
configure:6569: $? = 1
configure: failed program was:
| /* confdefs.h */
| #define PACKAGE_NAME "sqlite"
| #define PACKAGE_TARNAME "sqlite"
| #define PACKAGE_VERSION "3.7.5"
| #define PACKAGE_STRING "sqlite 3.7.5"
| #define PACKAGE_BUGREPORT "http://www.sqlite.org"
| #define PACKAGE_URL ""
| #define PACKAGE "sqlite"
| #define VERSION "3.7.5"
| #define _FILE_OFFSET_BITS 64
| #define STDC_HEADERS 1
| #define HAVE_SYS_TYPES_H 1
| #define HAVE_SYS_STAT_H 1
| #define HAVE_STDLIB_H 1
| #define HAVE_STRING_H 1
| #define HAVE_MEMORY_H 1
| #define HAVE_STRINGS_H 1
| #define HAVE_INTTYPES_H 1
| #define HAVE_STDINT_H 1
| #define HAVE_UNISTD_H 1
| #define HAVE_DLFCN_H 1
| /* end confdefs.h.  */
| #include <ac_nonexistent.h>
configure:6609: checking for arm-linux-gnueabihf-g77
configure:6639: result: no
configure:6609: checking for arm-linux-gnueabihf-xlf
configure:6639: result: no
configure:6609: checking for arm-linux-gnueabihf-f77
configure:6639: result: no
configure:6609: checking for arm-linux-gnueabihf-frt
configure:6639: result: no
configure:6609: checking for arm-linux-gnueabihf-pgf77
configure:6639: result: no
configure:6609: checking for arm-linux-gnueabihf-cf77
configure:6639: result: no
configure:6609: checking for arm-linux-gnueabihf-fort77
configure:6639: result: no
configure:6609: checking for arm-linux-gnueabihf-fl32
configure:6639: result: no
configure:6609: checking for arm-linux-gnueabihf-af77
configure:6639: result: no
configure:6609: checking for arm-linux-gnueabihf-xlf90
configure:6639: result: no
configure:6609: checking for arm-linux-gnueabihf-f90
configure:6639: result: no
configure:6609: checking for arm-linux-gnueabihf-pgf90
configure:6639: result: no
configure:6609: checking for arm-linux-gnueabihf-pghpf
configure:6639: result: no
configure:6609: checking for arm-linux-gnueabihf-epcf90
configure:6639: result: no
configure:6609: checking for arm-linux-gnueabihf-gfortran
configure:6639: result: no
configure:6609: checking for arm-linux-gnueabihf-g95
configure:6639: result: no
configure:6609: checking for arm-linux-gnueabihf-xlf95
configure:6639: result: no
configure:6609: checking for arm-linux-gnueabihf-f95
configure:6639: result: no
configure:6609: checking for arm-linux-gnueabihf-fort
configure:6639: result: no
configure:6609: checking for arm-linux-gnueabihf-ifort
configure:6639: result: no
configure:6609: checking for arm-linux-gnueabihf-ifc
configure:6639: result: no
configure:6609: checking for arm-linux-gnueabihf-efc
configure:6639: result: no
configure:6609: checking for arm-linux-gnueabihf-pgfortran
configure:6639: result: no
configure:6609: checking for arm-linux-gnueabihf-pgf95
configure:6639: result: no
configure:6609: checking for arm-linux-gnueabihf-lf95
configure:6639: result: no
configure:6609: checking for arm-linux-gnueabihf-ftn
configure:6639: result: no
configure:6653: checking for g77
configure:6683: result: no
configure:6653: checking for xlf
configure:6683: result: no
configure:6653: checking for f77
configure:6683: result: no
configure:6653: checking for frt
configure:6683: result: no
configure:6653: checking for pgf77
configure:6683: result: no
configure:6653: checking for cf77
configure:6683: result: no
configure:6653: checking for fort77
configure:6683: result: no
configure:6653: checking for fl32
configure:6683: result: no
configure:6653: checking for af77
configure:6683: result: no
configure:6653: checking for xlf90
configure:6683: result: no
configure:6653: checking for f90
configure:6683: result: no
configure:6653: checking for pgf90
configure:6683: result: no
configure:6653: checking for pghpf
configure:6683: result: no
configure:6653: checking for epcf90
configure:6683: result: no
configure:6653: checking for gfortran
configure:6683: result: no
configure:6653: checking for g95
configure:6683: result: no
configure:6653: checking for xlf95
configure:6683: result: no
configure:6653: checking for f95
configure:6683: result: no
configure:6653: checking for fort
configure:6683: result: no
configure:6653: checking for ifort
configure:6683: result: no
configure:6653: checking for ifc
configure:6683: result: no
configure:6653: checking for efc
configure:6683: result: no
configure:6653: checking for pgfortran
configure:6683: result: no
configure:6653: checking for pgf95
configure:6683: result: no
configure:6653: checking for lf95
configure:6683: result: no
configure:6653: checking for ftn
configure:6683: result: no
configure:6706: checking for Fortran 77 compiler version
configure:6715:  --version >&5
./configure: line 6717: --version: command not found
configure:6726: $? = 127
configure:6715:  -v >&5
./configure: line 6717: -v: command not found
configure:6726: $? = 127
configure:6715:  -V >&5
./configure: line 6717: -V: command not found
configure:6726: $? = 127
configure:6715:  -qversion >&5
./configure: line 6717: -qversion: command not found
configure:6726: $? = 127
configure:6735: checking whether we are using the GNU Fortran 77 compiler
configure:6748:  -c  conftest.F >&5
./configure: line 2120: -c: command not found
configure:6748: $? = 127
configure: failed program was:
|       program main
| #ifndef __GNUC__
|        choke me
| #endif
| 
|       end
configure:6757: result: no
configure:6763: checking whether  accepts -g
configure:6774:  -c -g conftest.f >&5
./configure: line 2120: -c: command not found
configure:6774: $? = 127
configure: failed program was:
|       program main
| 
|       end
configure:6782: result: no
configure:6816: checking the maximum length of command line arguments
configure:6925: result: 32768
configure:6936: checking command to parse /home/gloscom/ti-sdk-am335x-evm-06.00.00.00/linux-devkit/sysroots/i686-arago-linux/usr/bin/arm-linux-gnueabihf-nm -B output from arm-linux-gnueabihf-gcc object
configure:7041: arm-linux-gnueabihf-gcc -c -g -O2  conftest.c >&5
configure:7044: $? = 0
configure:7048: /home/gloscom/ti-sdk-am335x-evm-06.00.00.00/linux-devkit/sysroots/i686-arago-linux/usr/bin/arm-linux-gnueabihf-nm -B conftest.o \| sed -n -e 's/^.*[ 	]\([ABCDGIRSTW][ABCDGIRSTW]*\)[ 	][ 	]*\([_A-Za-z][_A-Za-z0-9]*\)$/\1 \2 \2/p' \> conftest.nm
configure:7051: $? = 0
configure:7103: arm-linux-gnueabihf-gcc -o conftest -g -O2   conftest.c conftstm.o >&5
configure:7106: $? = 0
configure:7144: result: ok
configure:7148: checking for objdir
configure:7163: result: .libs
configure:7215: checking for arm-linux-gnueabihf-ar
configure:7231: found /home/gloscom/ti-sdk-am335x-evm-06.00.00.00/linux-devkit/sysroots/i686-arago-linux/usr/bin/arm-linux-gnueabihf-ar
configure:7242: result: arm-linux-gnueabihf-ar
configure:7307: checking for arm-linux-gnueabihf-ranlib
configure:7334: result: arm-linux-gnueabihf-ranlib
configure:7399: checking for arm-linux-gnueabihf-strip
configure:7426: result: arm-linux-gnueabihf-strip
configure:7748: checking if arm-linux-gnueabihf-gcc supports -fno-rtti -fno-exceptions
configure:7766: arm-linux-gnueabihf-gcc -c -g -O2  -fno-rtti -fno-exceptions conftest.c >&5
cc1: warning: command line option '-fno-rtti' is valid for C++/ObjC++ but not for C [enabled by default]
configure:7770: $? = 0
configure:7783: result: no
configure:7798: checking for arm-linux-gnueabihf-gcc option to produce PIC
configure:8008: result: -fPIC
configure:8016: checking if arm-linux-gnueabihf-gcc PIC flag -fPIC works
configure:8034: arm-linux-gnueabihf-gcc -c -g -O2  -fPIC -DPIC conftest.c >&5
configure:8038: $? = 0
configure:8051: result: yes
configure:8079: checking if arm-linux-gnueabihf-gcc static flag -static works
configure:8107: result: yes
configure:8117: checking if arm-linux-gnueabihf-gcc supports -c -o file.o
configure:8138: arm-linux-gnueabihf-gcc -c -g -O2  -o out/conftest2.o conftest.c >&5
configure:8142: $? = 0
configure:8164: result: yes
configure:8190: checking whether the arm-linux-gnueabihf-gcc linker (/home/gloscom/ti-sdk-am335x-evm-06.00.00.00/linux-devkit/sysroots/i686-arago-linux/usr/arm-linux-gnueabihf/bin/ld) supports shared libraries
configure:9090: result: yes
configure:9111: checking whether -lc should be explicitly linked in
configure:9116: arm-linux-gnueabihf-gcc -c -g -O2  conftest.c >&5
configure:9119: $? = 0
configure:9134: arm-linux-gnueabihf-gcc -shared conftest.o  -v -Wl,-soname -Wl,conftest -o conftest 2\>\&1 \| grep  -lc  \>/dev/null 2\>\&1
configure:9137: $? = 0
configure:9149: result: no
configure:9157: checking dynamic linker characteristics
configure:9745: result: GNU/Linux ld.so
configure:9754: checking how to hardcode library paths into programs
configure:9779: result: immediate
configure:9793: checking whether stripping libraries is possible
configure:9798: result: yes
configure:10314: checking if libtool supports shared libraries
configure:10316: result: yes
configure:10319: checking whether to build shared libraries
configure:10340: result: yes
configure:10343: checking whether to build static libraries
configure:10347: result: yes
configure:10439: creating libtool
configure:11023: checking for ld used by arm-linux-gnueabihf-g++
configure:11090: result: /home/gloscom/ti-sdk-am335x-evm-06.00.00.00/linux-devkit/sysroots/i686-arago-linux/usr/arm-linux-gnueabihf/bin/ld
configure:11097: checking if the linker (/home/gloscom/ti-sdk-am335x-evm-06.00.00.00/linux-devkit/sysroots/i686-arago-linux/usr/arm-linux-gnueabihf/bin/ld) is GNU ld
configure:11112: result: yes
configure:11163: checking whether the arm-linux-gnueabihf-g++ linker (/home/gloscom/ti-sdk-am335x-evm-06.00.00.00/linux-devkit/sysroots/i686-arago-linux/usr/arm-linux-gnueabihf/bin/ld) supports shared libraries
configure:12043: result: yes
configure:12061: arm-linux-gnueabihf-g++ -c -g -O2  conftest.cpp >&5
configure:12064: $? = 0
configure:12183: checking for arm-linux-gnueabihf-g++ option to produce PIC
configure:12457: result: -fPIC
configure:12465: checking if arm-linux-gnueabihf-g++ PIC flag -fPIC works
configure:12483: arm-linux-gnueabihf-g++ -c -g -O2  -fPIC -DPIC conftest.cpp >&5
configure:12487: $? = 0
configure:12500: result: yes
configure:12528: checking if arm-linux-gnueabihf-g++ static flag -static works
configure:12556: result: yes
configure:12566: checking if arm-linux-gnueabihf-g++ supports -c -o file.o
configure:12587: arm-linux-gnueabihf-g++ -c -g -O2  -o out/conftest2.o conftest.cpp >&5
configure:12591: $? = 0
configure:12613: result: yes
configure:12639: checking whether the arm-linux-gnueabihf-g++ linker (/home/gloscom/ti-sdk-am335x-evm-06.00.00.00/linux-devkit/sysroots/i686-arago-linux/usr/arm-linux-gnueabihf/bin/ld) supports shared libraries
configure:12664: result: yes
configure:12731: checking dynamic linker characteristics
configure:13319: result: GNU/Linux ld.so
configure:13328: checking how to hardcode library paths into programs
configure:13353: result: immediate
configure:19394: checking for fdatasync
configure:19394: arm-linux-gnueabihf-gcc -o conftest -g -O2   conftest.c  >&5
configure:19394: $? = 0
configure:19394: result: yes
configure:19394: checking for usleep
configure:19394: arm-linux-gnueabihf-gcc -o conftest -g -O2   conftest.c  >&5
configure:19394: $? = 0
configure:19394: result: yes
configure:19394: checking for fullfsync
configure:19394: arm-linux-gnueabihf-gcc -o conftest -g -O2   conftest.c  >&5
/tmp/ccukPPkF.o: In function `main':
/home/gloscom/project/new_sweden/swamm_new/nazc/third/sqlite-autoconf-3070500/conftest.c:59: undefined reference to `fullfsync'
collect2: error: ld returned 1 exit status
configure:19394: $? = 1
configure: failed program was:
| /* confdefs.h */
| #define PACKAGE_NAME "sqlite"
| #define PACKAGE_TARNAME "sqlite"
| #define PACKAGE_VERSION "3.7.5"
| #define PACKAGE_STRING "sqlite 3.7.5"
| #define PACKAGE_BUGREPORT "http://www.sqlite.org"
| #define PACKAGE_URL ""
| #define PACKAGE "sqlite"
| #define VERSION "3.7.5"
| #define _FILE_OFFSET_BITS 64
| #define STDC_HEADERS 1
| #define HAVE_SYS_TYPES_H 1
| #define HAVE_SYS_STAT_H 1
| #define HAVE_STDLIB_H 1
| #define HAVE_STRING_H 1
| #define HAVE_MEMORY_H 1
| #define HAVE_STRINGS_H 1
| #define HAVE_INTTYPES_H 1
| #define HAVE_STDINT_H 1
| #define HAVE_UNISTD_H 1
| #define HAVE_DLFCN_H 1
| #define HAVE_FDATASYNC 1
| #define HAVE_USLEEP 1
| /* end confdefs.h.  */
| /* Define fullfsync to an innocuous variant, in case <limits.h> declares fullfsync.
|    For example, HP-UX 11i <limits.h> declares gettimeofday.  */
| #define fullfsync innocuous_fullfsync
| 
| /* System header to define __stub macros and hopefully few prototypes,
|     which can conflict with char fullfsync (); below.
|     Prefer <limits.h> to <assert.h> if __STDC__ is defined, since
|     <limits.h> exists even on freestanding compilers.  */
| 
| #ifdef __STDC__
| # include <limits.h>
| #else
| # include <assert.h>
| #endif
| 
| #undef fullfsync
| 
| /* Override any GCC internal prototype to avoid an error.
|    Use char because int might match the return type of a GCC
|    builtin and then its argument prototype would still apply.  */
| #ifdef __cplusplus
| extern "C"
| #endif
| char fullfsync ();
| /* The GNU C library defines this for functions which it implements
|     to always fail with ENOSYS.  Some functions are actually named
|     something starting with __ and the normal name is an alias.  */
| #if defined __stub_fullfsync || defined __stub___fullfsync
| choke me
| #endif
| 
| int
| main ()
| {
| return fullfsync ();
|   ;
|   return 0;
| }
configure:19394: result: no
configure:19394: checking for localtime_r
configure:19394: arm-linux-gnueabihf-gcc -o conftest -g -O2   conftest.c  >&5
configure:19394: $? = 0
configure:19394: result: yes
configure:19394: checking for gmtime_r
configure:19394: arm-linux-gnueabihf-gcc -o conftest -g -O2   conftest.c  >&5
configure:19394: $? = 0
configure:19394: result: yes
configure:19421: checking for library containing tgetent
configure:19452: arm-linux-gnueabihf-gcc -o conftest -g -O2   conftest.c  >&5
/tmp/ccoV100c.o: In function `main':
/home/gloscom/project/new_sweden/swamm_new/nazc/third/sqlite-autoconf-3070500/conftest.c:38: undefined reference to `tgetent'
collect2: error: ld returned 1 exit status
configure:19452: $? = 1
configure: failed program was:
| /* confdefs.h */
| #define PACKAGE_NAME "sqlite"
| #define PACKAGE_TARNAME "sqlite"
| #define PACKAGE_VERSION "3.7.5"
| #define PACKAGE_STRING "sqlite 3.7.5"
| #define PACKAGE_BUGREPORT "http://www.sqlite.org"
| #define PACKAGE_URL ""
| #define PACKAGE "sqlite"
| #define VERSION "3.7.5"
| #define _FILE_OFFSET_BITS 64
| #define STDC_HEADERS 1
| #define HAVE_SYS_TYPES_H 1
| #define HAVE_SYS_STAT_H 1
| #define HAVE_STDLIB_H 1
| #define HAVE_STRING_H 1
| #define HAVE_MEMORY_H 1
| #define HAVE_STRINGS_H 1
| #define HAVE_INTTYPES_H 1
| #define HAVE_STDINT_H 1
| #define HAVE_UNISTD_H 1
| #define HAVE_DLFCN_H 1
| #define HAVE_FDATASYNC 1
| #define HAVE_USLEEP 1
| #define HAVE_LOCALTIME_R 1
| #define HAVE_GMTIME_R 1
| /* end confdefs.h.  */
| 
| /* Override any GCC internal prototype to avoid an error.
|    Use char because int might match the return type of a GCC
|    builtin and then its argument prototype would still apply.  */
| #ifdef __cplusplus
| extern "C"
| #endif
| char tgetent ();
| int
| main ()
| {
| return tgetent ();
|   ;
|   return 0;
| }
configure:19452: arm-linux-gnueabihf-gcc -o conftest -g -O2   conftest.c -lcurses   >&5
configure:19452: $? = 0
configure:19469: result: -lcurses
configure:19477: checking for library containing readline
configure:19508: arm-linux-gnueabihf-gcc -o conftest -g -O2   conftest.c -lcurses  >&5
/tmp/cciAghyw.o: In function `main':
/home/gloscom/project/new_sweden/swamm_new/nazc/third/sqlite-autoconf-3070500/conftest.c:38: undefined reference to `readline'
collect2: error: ld returned 1 exit status
configure:19508: $? = 1
configure: failed program was:
| /* confdefs.h */
| #define PACKAGE_NAME "sqlite"
| #define PACKAGE_TARNAME "sqlite"
| #define PACKAGE_VERSION "3.7.5"
| #define PACKAGE_STRING "sqlite 3.7.5"
| #define PACKAGE_BUGREPORT "http://www.sqlite.org"
| #define PACKAGE_URL ""
| #define PACKAGE "sqlite"
| #define VERSION "3.7.5"
| #define _FILE_OFFSET_BITS 64
| #define STDC_HEADERS 1
| #define HAVE_SYS_TYPES_H 1
| #define HAVE_SYS_STAT_H 1
| #define HAVE_STDLIB_H 1
| #define HAVE_STRING_H 1
| #define HAVE_MEMORY_H 1
| #define HAVE_STRINGS_H 1
| #define HAVE_INTTYPES_H 1
| #define HAVE_STDINT_H 1
| #define HAVE_UNISTD_H 1
| #define HAVE_DLFCN_H 1
| #define HAVE_FDATASYNC 1
| #define HAVE_USLEEP 1
| #define HAVE_LOCALTIME_R 1
| #define HAVE_GMTIME_R 1
| /* end confdefs.h.  */
| 
| /* Override any GCC internal prototype to avoid an error.
|    Use char because int might match the return type of a GCC
|    builtin and then its argument prototype would still apply.  */
| #ifdef __cplusplus
| extern "C"
| #endif
| char readline ();
| int
| main ()
| {
| return readline ();
|   ;
|   return 0;
| }
configure:19508: arm-linux-gnueabihf-gcc -o conftest -g -O2   conftest.c -lreadline  -lcurses  >&5
configure:19508: $? = 0
configure:19525: result: -lreadline
configure:19537: checking for readline
configure:19537: arm-linux-gnueabihf-gcc -o conftest -g -O2   conftest.c -lreadline -lcurses  >&5
configure:19537: $? = 0
configure:19537: result: yes
configure:19565: checking for library containing pthread_create
configure:19596: arm-linux-gnueabihf-gcc -o conftest -g -O2   conftest.c  >&5
/tmp/ccyHK7X1.o: In function `main':
/home/gloscom/project/new_sweden/swamm_new/nazc/third/sqlite-autoconf-3070500/conftest.c:39: undefined reference to `pthread_create'
collect2: error: ld returned 1 exit status
configure:19596: $? = 1
configure: failed program was:
| /* confdefs.h */
| #define PACKAGE_NAME "sqlite"
| #define PACKAGE_TARNAME "sqlite"
| #define PACKAGE_VERSION "3.7.5"
| #define PACKAGE_STRING "sqlite 3.7.5"
| #define PACKAGE_BUGREPORT "http://www.sqlite.org"
| #define PACKAGE_URL ""
| #define PACKAGE "sqlite"
| #define VERSION "3.7.5"
| #define _FILE_OFFSET_BITS 64
| #define STDC_HEADERS 1
| #define HAVE_SYS_TYPES_H 1
| #define HAVE_SYS_STAT_H 1
| #define HAVE_STDLIB_H 1
| #define HAVE_STRING_H 1
| #define HAVE_MEMORY_H 1
| #define HAVE_STRINGS_H 1
| #define HAVE_INTTYPES_H 1
| #define HAVE_STDINT_H 1
| #define HAVE_UNISTD_H 1
| #define HAVE_DLFCN_H 1
| #define HAVE_FDATASYNC 1
| #define HAVE_USLEEP 1
| #define HAVE_LOCALTIME_R 1
| #define HAVE_GMTIME_R 1
| #define HAVE_READLINE 1
| /* end confdefs.h.  */
| 
| /* Override any GCC internal prototype to avoid an error.
|    Use char because int might match the return type of a GCC
|    builtin and then its argument prototype would still apply.  */
| #ifdef __cplusplus
| extern "C"
| #endif
| char pthread_create ();
| int
| main ()
| {
| return pthread_create ();
|   ;
|   return 0;
| }
configure:19596: arm-linux-gnueabihf-gcc -o conftest -g -O2   conftest.c -lpthread   >&5
configure:19596: $? = 0
configure:19613: result: -lpthread
configure:19636: checking for library containing dlopen
configure:19667: arm-linux-gnueabihf-gcc -o conftest -g -O2   conftest.c -lpthread  >&5
/tmp/cc2APpan.o: In function `main':
/home/gloscom/project/new_sweden/swamm_new/nazc/third/sqlite-autoconf-3070500/conftest.c:39: undefined reference to `dlopen'
collect2: error: ld returned 1 exit status
configure:19667: $? = 1
configure: failed program was:
| /* confdefs.h */
| #define PACKAGE_NAME "sqlite"
| #define PACKAGE_TARNAME "sqlite"
| #define PACKAGE_VERSION "3.7.5"
| #define PACKAGE_STRING "sqlite 3.7.5"
| #define PACKAGE_BUGREPORT "http://www.sqlite.org"
| #define PACKAGE_URL ""
| #define PACKAGE "sqlite"
| #define VERSION "3.7.5"
| #define _FILE_OFFSET_BITS 64
| #define STDC_HEADERS 1
| #define HAVE_SYS_TYPES_H 1
| #define HAVE_SYS_STAT_H 1
| #define HAVE_STDLIB_H 1
| #define HAVE_STRING_H 1
| #define HAVE_MEMORY_H 1
| #define HAVE_STRINGS_H 1
| #define HAVE_INTTYPES_H 1
| #define HAVE_STDINT_H 1
| #define HAVE_UNISTD_H 1
| #define HAVE_DLFCN_H 1
| #define HAVE_FDATASYNC 1
| #define HAVE_USLEEP 1
| #define HAVE_LOCALTIME_R 1
| #define HAVE_GMTIME_R 1
| #define HAVE_READLINE 1
| /* end confdefs.h.  */
| 
| /* Override any GCC internal prototype to avoid an error.
|    Use char because int might match the return type of a GCC
|    builtin and then its argument prototype would still apply.  */
| #ifdef __cplusplus
| extern "C"
| #endif
| char dlopen ();
| int
| main ()
| {
| return dlopen ();
|   ;
|   return 0;
| }
configure:19667: arm-linux-gnueabihf-gcc -o conftest -g -O2   conftest.c -ldl  -lpthread  >&5
configure:19667: $? = 0
configure:19684: result: -ldl
configure:19695: checking for whether to support dynamic extensions
configure:19697: result: yes
configure:19893: creating ./config.status

## ---------------- ##
## Cache variables. ##
## ---------------- ##

ac_cv_build=i686-pc-linux-gnu
ac_cv_c_compiler_gnu=yes
ac_cv_cxx_compiler_gnu=yes
ac_cv_env_CCC_set=
ac_cv_env_CCC_value=
ac_cv_env_CC_set=
ac_cv_env_CC_value=
ac_cv_env_CFLAGS_set=
ac_cv_env_CFLAGS_value=
ac_cv_env_CPPFLAGS_set=
ac_cv_env_CPPFLAGS_value=
ac_cv_env_CPP_set=
ac_cv_env_CPP_value=
ac_cv_env_CXXCPP_set=
ac_cv_env_CXXCPP_value=
ac_cv_env_CXXFLAGS_set=
ac_cv_env_CXXFLAGS_value=
ac_cv_env_CXX_set=
ac_cv_env_CXX_value=
ac_cv_env_F77_set=
ac_cv_env_F77_value=
ac_cv_env_FFLAGS_set=
ac_cv_env_FFLAGS_value=
ac_cv_env_LDFLAGS_set=
ac_cv_env_LDFLAGS_value=
ac_cv_env_LIBS_set=
ac_cv_env_LIBS_value=
ac_cv_env_build_alias_set=
ac_cv_env_build_alias_value=
ac_cv_env_host_alias_set=set
ac_cv_env_host_alias_value=arm-linux-gnueabihf
ac_cv_env_target_alias_set=
ac_cv_env_target_alias_value=
ac_cv_f77_compiler_gnu=no
ac_cv_func_fdatasync=yes
ac_cv_func_fullfsync=no
ac_cv_func_gmtime_r=yes
ac_cv_func_localtime_r=yes
ac_cv_func_readline=yes
ac_cv_func_usleep=yes
ac_cv_header_dlfcn_h=yes
ac_cv_header_inttypes_h=yes
ac_cv_header_memory_h=yes
ac_cv_header_stdc=yes
ac_cv_header_stdint_h=yes
ac_cv_header_stdlib_h=yes
ac_cv_header_string_h=yes
ac_cv_header_strings_h=yes
ac_cv_header_sys_stat_h=yes
ac_cv_header_sys_types_h=yes
ac_cv_header_unistd_h=yes
ac_cv_host=arm-unknown-linux-gnueabihf
ac_cv_objext=o
ac_cv_path_EGREP='/bin/grep -E'
ac_cv_path_GREP=/bin/grep
ac_cv_path_install='/usr/bin/install -c'
ac_cv_prog_AR=arm-linux-gnueabihf-ar
ac_cv_prog_AWK=mawk
ac_cv_prog_CC=arm-linux-gnueabihf-gcc
ac_cv_prog_CPP='arm-linux-gnueabihf-gcc -E'
ac_cv_prog_CXX=arm-linux-gnueabihf-g++
ac_cv_prog_CXXCPP='arm-linux-gnueabihf-g++ -E'
ac_cv_prog_RANLIB=arm-linux-gnueabihf-ranlib
ac_cv_prog_STRIP=arm-linux-gnueabihf-strip
ac_cv_prog_cc_c89=
ac_cv_prog_cc_g=yes
ac_cv_prog_cxx_g=yes
ac_cv_prog_f77_g=no
ac_cv_prog_make_make_set=yes
ac_cv_search_dlopen=-ldl
ac_cv_search_pthread_create=-lpthread
ac_cv_search_readline=-lreadline
ac_cv_search_tgetent=-lcurses
ac_cv_sys_file_offset_bits=64
ac_cv_sys_largefile_CC=no
am_cv_CC_dependencies_compiler_type=gcc3
am_cv_CXX_dependencies_compiler_type=gcc3
lt_cv_deplibs_check_method=pass_all
lt_cv_file_magic_cmd='$MAGIC_CMD'
lt_cv_file_magic_test_file=
lt_cv_ld_reload_flag=-r
lt_cv_objdir=.libs
lt_cv_path_LD=/home/gloscom/ti-sdk-am335x-evm-06.00.00.00/linux-devkit/sysroots/i686-arago-linux/usr/arm-linux-gnueabihf/bin/ld
lt_cv_path_LDCXX=/home/gloscom/ti-sdk-am335x-evm-06.00.00.00/linux-devkit/sysroots/i686-arago-linux/usr/arm-linux-gnueabihf/bin/ld
lt_cv_path_NM='/home/gloscom/ti-sdk-am335x-evm-06.00.00.00/linux-devkit/sysroots/i686-arago-linux/usr/bin/arm-linux-gnueabihf-nm -B'
lt_cv_path_SED=/bin/sed
lt_cv_prog_compiler_c_o=yes
lt_cv_prog_compiler_c_o_CXX=yes
lt_cv_prog_compiler_rtti_exceptions=no
lt_cv_prog_gnu_ld=yes
lt_cv_prog_gnu_ldcxx=yes
lt_cv_sys_global_symbol_pipe='sed -n -e '\''s/^.*[ 	]\([ABCDGIRSTW][ABCDGIRSTW]*\)[ 	][ 	]*\([_A-Za-z][_A-Za-z0-9]*\)$/\1 \2 \2/p'\'''
lt_cv_sys_global_symbol_to_c_name_address='sed -n -e '\''s/^: \([^ ]*\) $/  {\"\1\", (lt_ptr) 0},/p'\'' -e '\''s/^[BCDEGRST] \([^ ]*\) \([^ ]*\)$/  {"\2", (lt_ptr) \&\2},/p'\'''
lt_cv_sys_global_symbol_to_cdecl='sed -n -e '\''s/^. .* \(.*\)$/extern int \1;/p'\'''
lt_cv_sys_max_cmd_len=32768
lt_lt_cv_prog_compiler_c_o='"yes"'
lt_lt_cv_prog_compiler_c_o_CXX='"yes"'
lt_lt_cv_sys_global_symbol_pipe='"sed -n -e '\''s/^.*[ 	]\\([ABCDGIRSTW][ABCDGIRSTW]*\\)[ 	][ 	]*\\([_A-Za-z][_A-Za-z0-9]*\\)\$/\\1 \\2 \\2/p'\''"'
lt_lt_cv_sys_global_symbol_to_c_name_address='"sed -n -e '\''s/^: \\([^ ]*\\) \$/  {\\\"\\1\\\", (lt_ptr) 0},/p'\'' -e '\''s/^[BCDEGRST] \\([^ ]*\\) \\([^ ]*\\)\$/  {\"\\2\", (lt_ptr) \\&\\2},/p'\''"'
lt_lt_cv_sys_global_symbol_to_cdecl='"sed -n -e '\''s/^. .* \\(.*\\)\$/extern int \\1;/p'\''"'

## ----------------- ##
## Output variables. ##
## ----------------- ##

ACLOCAL='${SHELL} /home/gloscom/project/new_sweden/swamm_new/nazc/third/sqlite-autoconf-3070500/missing --run aclocal-1.9'
AMDEPBACKSLASH='\'
AMDEP_FALSE='#'
AMDEP_TRUE=''
AMTAR='${SHELL} /home/gloscom/project/new_sweden/swamm_new/nazc/third/sqlite-autoconf-3070500/missing --run tar'
AR='arm-linux-gnueabihf-ar'
AUTOCONF='${SHELL} /home/gloscom/project/new_sweden/swamm_new/nazc/third/sqlite-autoconf-3070500/missing --run autoconf'
AUTOHEADER='${SHELL} /home/gloscom/project/new_sweden/swamm_new/nazc/third/sqlite-autoconf-3070500/missing --run autoheader'
AUTOMAKE='${SHELL} /home/gloscom/project/new_sweden/swamm_new/nazc/third/sqlite-autoconf-3070500/missing --run automake-1.9'
AWK='mawk'
BUILD_CFLAGS=''
CC='arm-linux-gnueabihf-gcc'
CCDEPMODE='depmode=gcc3'
CFLAGS='-g -O2'
CPP='arm-linux-gnueabihf-gcc -E'
CPPFLAGS=''
CXX='arm-linux-gnueabihf-g++'
CXXCPP='arm-linux-gnueabihf-g++ -E'
CXXDEPMODE='depmode=gcc3'
CXXFLAGS='-g -O2'
CYGPATH_W='echo'
DEFS='-DPACKAGE_NAME=\"sqlite\" -DPACKAGE_TARNAME=\"sqlite\" -DPACKAGE_VERSION=\"3.7.5\" -DPACKAGE_STRING=\"sqlite\ 3.7.5\" -DPACKAGE_BUGREPORT=\"http://www.sqlite.org\" -DPACKAGE_URL=\"\" -DPACKAGE=\"sqlite\" -DVERSION=\"3.7.5\" -D_FILE_OFFSET_BITS=64 -DSTDC_HEADERS=1 -DHAVE_SYS_TYPES_H=1 -DHAVE_SYS_STAT_H=1 -DHAVE_STDLIB_H=1 -DHAVE_STRING_H=1 -DHAVE_MEMORY_H=1 -DHAVE_STRINGS_H=1 -DHAVE_INTTYPES_H=1 -DHAVE_STDINT_H=1 -DHAVE_UNISTD_H=1 -DHAVE_DLFCN_H=1 -DHAVE_FDATASYNC=1 -DHAVE_USLEEP=1 -DHAVE_LOCALTIME_R=1 -DHAVE_GMTIME_R=1 -DHAVE_READLINE=1'
DEPDIR='.deps'
DYNAMIC_EXTENSION_FLAGS=''
ECHO='echo'
ECHO_C=''
ECHO_N='-n'
ECHO_T=''
EGREP='/bin/grep -E'
EXEEXT=''
F77=''
FFLAGS=''
GREP='/bin/grep'
INSTALL_DATA='${INSTALL} -m 644'
INSTALL_PROGRAM='${INSTALL}'
INSTALL_SCRIPT='${INSTALL}'
INSTALL_STRIP_PROGRAM='${SHELL} $(install_sh) -c -s'
LDFLAGS=''
LIBOBJS=''
LIBS='-ldl -lpthread '
LIBTOOL='$(SHELL) $(top_builddir)/libtool'
LN_S='ln -s'
LTLIBOBJS=''
MAKEINFO='${SHELL} /home/gloscom/project/new_sweden/swamm_new/nazc/third/sqlite-autoconf-3070500/missing --run makeinfo'
OBJEXT='o'
PACKAGE='sqlite'
PACKAGE_BUGREPORT='http://www.sqlite.org'
PACKAGE_NAME='sqlite'
PACKAGE_STRING='sqlite 3.7.5'
PACKAGE_TARNAME='sqlite'
PACKAGE_URL=''
PACKAGE_VERSION='3.7.5'
PATH_SEPARATOR=':'
RANLIB='arm-linux-gnueabihf-ranlib'
READLINE_LIBS='-lreadline -lcurses '
SET_MAKE=''
SHELL='/bin/bash'
STRIP='arm-linux-gnueabihf-strip'
THREADSAFE_FLAGS='-DSQLITE_THREADSAFE=1'
VERSION='3.7.5'
ac_ct_CC=''
ac_ct_CXX=''
ac_ct_F77=''
am__fastdepCC_FALSE='#'
am__fastdepCC_TRUE=''
am__fastdepCXX_FALSE='#'
am__fastdepCXX_TRUE=''
am__include='include'
am__leading_dot='.'
am__quote=''
am__tar='${AMTAR} chof - "$$tardir"'
am__untar='${AMTAR} xf -'
bindir='${exec_prefix}/bin'
build='i686-pc-linux-gnu'
build_alias=''
build_cpu='i686'
build_os='linux-gnu'
build_vendor='pc'
datadir='${datarootdir}'
datarootdir='${prefix}/share'
docdir='${datarootdir}/doc/${PACKAGE_TARNAME}'
dvidir='${docdir}'
exec_prefix='${prefix}'
host='arm-unknown-linux-gnueabihf'
host_alias='arm-linux-gnueabihf'
host_cpu='arm'
host_os='linux-gnueabihf'
host_vendor='unknown'
htmldir='${docdir}'
includedir='${prefix}/include'
infodir='${datarootdir}/info'
install_sh='/home/gloscom/project/new_sweden/swamm_new/nazc/third/sqlite-autoconf-3070500/install-sh'
libdir='${exec_prefix}/lib'
libexecdir='${exec_prefix}/libexec'
localedir='${datarootdir}/locale'
localstatedir='${prefix}/var'
mandir='${datarootdir}/man'
mkdir_p='mkdir -p --'
oldincludedir='/usr/include'
pdfdir='${docdir}'
prefix='/usr/local'
program_transform_name='s,x,x,'
psdir='${docdir}'
sbindir='${exec_prefix}/sbin'
sharedstatedir='${prefix}/com'
sysconfdir='${prefix}/etc'
target_alias=''

## ----------- ##
## confdefs.h. ##
## ----------- ##

/* confdefs.h */
#define PACKAGE_NAME "sqlite"
#define PACKAGE_TARNAME "sqlite"
#define PACKAGE_VERSION "3.7.5"
#define PACKAGE_STRING "sqlite 3.7.5"
#define PACKAGE_BUGREPORT "http://www.sqlite.org"
#define PACKAGE_URL ""
#define PACKAGE "sqlite"
#define VERSION "3.7.5"
#define _FILE_OFFSET_BITS 64
#define STDC_HEADERS 1
#define HAVE_SYS_TYPES_H 1
#define HAVE_SYS_STAT_H 1
#define HAVE_STDLIB_H 1
#define HAVE_STRING_H 1
#define HAVE_MEMORY_H 1
#define HAVE_STRINGS_H 1
#define HAVE_INTTYPES_H 1
#define HAVE_STDINT_H 1
#define HAVE_UNISTD_H 1
#define HAVE_DLFCN_H 1
#define HAVE_FDATASYNC 1
#define HAVE_USLEEP 1
#define HAVE_LOCALTIME_R 1
#define HAVE_GMTIME_R 1
#define HAVE_READLINE 1

configure: exit 0

## ---------------------- ##
## Running config.status. ##
## ---------------------- ##

This file was extended by sqlite config.status 3.7.5, which was
generated by GNU Autoconf 2.68.  Invocation command line was

  CONFIG_FILES    = 
  CONFIG_HEADERS  = 
  CONFIG_LINKS    = 
  CONFIG_COMMANDS = 
  $ ./config.status 

on ubuntu

config.status:807: creating Makefile
config.status:807: creating sqlite3.pc
config.status:973: executing depfiles commands
